<?xml version="1.0" encoding="UTF-8"?>
<testng-results ignored="0" total="1" passed="1" failed="0" skipped="0">
  <reporter-output>
  </reporter-output>
  <suite started-at="2022-11-22T21:40:46 IST" name="Default suite" finished-at="2022-11-22T21:40:46 IST" duration-ms="79">
    <groups>
    </groups>
    <test started-at="2022-11-22T21:40:46 IST" name="Default test" finished-at="2022-11-22T21:40:46 IST" duration-ms="79">
      <class name="Test2">
        <test-method signature="role()[pri:0, instance:Test2@1d2adfbe]" started-at="2022-11-22T21:40:46 IST" name="role" finished-at="2022-11-22T21:40:46 IST" duration-ms="25" status="PASS">
          <reporter-output>
          </reporter-output>
        </test-method> <!-- role -->
      </class> <!-- Test2 -->
    </test> <!-- Default test -->
  </suite> <!-- Default suite -->
</testng-results>
